<?xml version="1.0" encoding="UTF-8"?>
<testsuite xmlns:xsi="http://www.w3.org/2001/XMLSchema-instance" xsi:noNamespaceSchemaLocation="https://maven.apache.org/surefire/maven-surefire-plugin/xsd/surefire-test-report-3.0.xsd" version="3.0" name="io.camunda.community.connector.script.WorkflowTest" time="4.699" tests="3" errors="0" skipped="2" failures="0">
  <properties>
[...]
</properties>
  <testcase name="shouldReturnResult" classname="io.camunda.community.connector.script.WorkflowTest" time="2.058">
    <system-out><![CDATA[09:57:27.627 [main] INFO org.springframework.test.context.support.AnnotationConfigContextLoaderUtils -- Could not detect default configuration classes for test class [io.camunda.community.connector.script.WorkflowTest]: WorkflowTest does not declare any static, non-private, non-final, nested classes annotated with @Configuration.
09:57:27.705 [main] INFO org.springframework.boot.test.context.SpringBootTestContextBootstrapper -- Found @SpringBootConfiguration io.camunda.community.connector.script.ZeebeScriptWorkerApplication for test class io.camunda.community.connector.script.WorkflowTest

  .   ____          _            __ _ _
 /\\ / ___'_ __ _ _(_)_ __  __ _ \ \ \ \
( ( )\___ | '_ | '_| | '_ \/ _` | \ \ \ \
 \\/  ___)| |_)| | | | | || (_| |  ) ) ) )
  '  |____| .__|_| |_|_| |_\__, | / / / /
 =========|_|==============|___/=/_/_/_/
 :: Spring Boot ::                (v3.1.5)

2023-10-27T09:57:28.166+02:00  INFO 13425 --- [           main] i.c.c.connector.script.WorkflowTest      : Starting WorkflowTest using Java 21.0.1 with PID 13425 (started by jonathanlukas in /Users/jonathanlukas/git/camunda/zeebe-script-worker/connector)
2023-10-27T09:57:28.167+02:00  INFO 13425 --- [           main] i.c.c.connector.script.WorkflowTest      : No active profile set, falling back to 1 default profile: "default"
2023-10-27T09:57:28.980+02:00  INFO 13425 --- [           main] trationDelegate$BeanPostProcessorChecker : Bean 'io.camunda.zeebe.spring.client.annotation.processor.AnnotationProcessorConfiguration' of type [io.camunda.zeebe.spring.client.annotation.processor.AnnotationProcessorConfiguration] is not eligible for getting processed by all BeanPostProcessors (for example: not eligible for auto-proxying)
2023-10-27T09:57:28.982+02:00  INFO 13425 --- [           main] trationDelegate$BeanPostProcessorChecker : Bean 'io.camunda.connector.runtime.outbound.OutboundConnectorRuntimeConfiguration' of type [io.camunda.connector.runtime.outbound.OutboundConnectorRuntimeConfiguration$$SpringCGLIB$$0] is not eligible for getting processed by all BeanPostProcessors (for example: not eligible for auto-proxying)
2023-10-27T09:57:29.002+02:00  INFO 13425 --- [           main] trationDelegate$BeanPostProcessorChecker : Bean 'zeebe.client-io.camunda.zeebe.spring.client.properties.ZeebeClientConfigurationProperties' of type [io.camunda.zeebe.spring.client.properties.ZeebeClientConfigurationProperties] is not eligible for getting processed by all BeanPostProcessors (for example: not eligible for auto-proxying)
2023-10-27T09:57:29.002+02:00  INFO 13425 --- [           main] trationDelegate$BeanPostProcessorChecker : Bean 'io.camunda.zeebe.spring.client.configuration.ZeebeClientAllAutoConfiguration' of type [io.camunda.zeebe.spring.client.configuration.ZeebeClientAllAutoConfiguration] is not eligible for getting processed by all BeanPostProcessors (for example: not eligible for auto-proxying)
2023-10-27T09:57:29.004+02:00  INFO 13425 --- [           main] trationDelegate$BeanPostProcessorChecker : Bean 'zeebeClientExecutorService' of type [io.camunda.zeebe.spring.client.jobhandling.ZeebeClientExecutorService] is not eligible for getting processed by all BeanPostProcessors (for example: not eligible for auto-proxying)
2023-10-27T09:57:29.007+02:00  INFO 13425 --- [           main] trationDelegate$BeanPostProcessorChecker : Bean 'commandExceptionHandlingStrategy' of type [io.camunda.zeebe.spring.client.jobhandling.DefaultCommandExceptionHandlingStrategy] is not eligible for getting processed by all BeanPostProcessors (for example: not eligible for auto-proxying)
2023-10-27T09:57:29.008+02:00  INFO 13425 --- [           main] trationDelegate$BeanPostProcessorChecker : Bean 'io.camunda.zeebe.spring.client.CamundaAutoConfiguration' of type [io.camunda.zeebe.spring.client.CamundaAutoConfiguration$$SpringCGLIB$$0] is not eligible for getting processed by all BeanPostProcessors (for example: not eligible for auto-proxying)
2023-10-27T09:57:29.009+02:00  INFO 13425 --- [           main] trationDelegate$BeanPostProcessorChecker : Bean 'io.camunda.connector.runtime.OutboundConnectorsAutoConfiguration' of type [io.camunda.connector.runtime.OutboundConnectorsAutoConfiguration] is not eligible for getting processed by all BeanPostProcessors (for example: not eligible for auto-proxying)
2023-10-27T09:57:29.083+02:00  INFO 13425 --- [           main] org.camunda.feel.FeelEngine              : Engine created. [value-mapper: CompositeValueMapper(List(org.camunda.feel.impl.JavaValueMapper@4a14227a)), function-provider: io.camunda.connector.feel.FeelConnectorFunctionProvider@1b254f9b, clock: SystemClock, configuration: {externalFunctionsEnabled: false}]
2023-10-27T09:57:29.212+02:00  INFO 13425 --- [           main] org.camunda.feel.FeelEngine              : Engine created. [value-mapper: CompositeValueMapper(List(org.camunda.feel.impl.JavaValueMapper@179683c3)), function-provider: io.camunda.connector.feel.FeelConnectorFunctionProvider@31b280af, clock: SystemClock, configuration: {externalFunctionsEnabled: false}]
2023-10-27T09:57:29.225+02:00  INFO 13425 --- [           main] trationDelegate$BeanPostProcessorChecker : Bean 'objectMapper' of type [com.fasterxml.jackson.databind.json.JsonMapper] is not eligible for getting processed by all BeanPostProcessors (for example: not eligible for auto-proxying)
2023-10-27T09:57:29.225+02:00  INFO 13425 --- [           main] trationDelegate$BeanPostProcessorChecker : Bean 'zeebeJsonMapper' of type [io.camunda.zeebe.client.impl.ZeebeObjectMapper] is not eligible for getting processed by all BeanPostProcessors (for example: not eligible for auto-proxying)
2023-10-27T09:57:29.226+02:00  INFO 13425 --- [           main] trationDelegate$BeanPostProcessorChecker : Bean 'io.camunda.zeebe.spring.client.configuration.ZeebeActuatorConfiguration' of type [io.camunda.zeebe.spring.client.configuration.ZeebeActuatorConfiguration] is not eligible for getting processed by all BeanPostProcessors (for example: not eligible for auto-proxying)
2023-10-27T09:57:29.252+02:00  INFO 13425 --- [           main] i.c.z.s.c.a.MicrometerMetricsRecorder    : Enabling Micrometer based metrics for spring-zeebe (available via Actuator)
2023-10-27T09:57:29.252+02:00  INFO 13425 --- [           main] trationDelegate$BeanPostProcessorChecker : Bean 'micrometerMetricsRecorder' of type [io.camunda.zeebe.spring.client.actuator.MicrometerMetricsRecorder] is not eligible for getting processed by all BeanPostProcessors (for example: not eligible for auto-proxying)
2023-10-27T09:57:29.254+02:00  INFO 13425 --- [           main] trationDelegate$BeanPostProcessorChecker : Bean 'jobWorkerManager' of type [io.camunda.zeebe.spring.client.jobhandling.JobWorkerManager] is not eligible for getting processed by all BeanPostProcessors (for example: not eligible for auto-proxying)
2023-10-27T09:57:29.262+02:00  INFO 13425 --- [           main] trationDelegate$BeanPostProcessorChecker : Bean 'outboundConnectorFactory' of type [io.camunda.connector.runtime.core.outbound.DefaultOutboundConnectorFactory] is not eligible for getting processed by all BeanPostProcessors (for example: not eligible for auto-proxying)
2023-10-27T09:57:29.264+02:00  INFO 13425 --- [           main] trationDelegate$BeanPostProcessorChecker : Bean 'defaultSecretProvider' of type [io.camunda.connector.runtime.env.SpringEnvironmentSecretProvider] is not eligible for getting processed by all BeanPostProcessors (for example: not eligible for auto-proxying)
2023-10-27T09:57:29.265+02:00  INFO 13425 --- [           main] trationDelegate$BeanPostProcessorChecker : Bean 'springSecretProviderAggregator' of type [io.camunda.connector.runtime.core.secret.SecretProviderAggregator] is not eligible for getting processed by all BeanPostProcessors (for example: not eligible for auto-proxying)
2023-10-27T09:57:29.268+02:00  INFO 13425 --- [           main] trationDelegate$BeanPostProcessorChecker : Bean 'outboundConnectorManager' of type [io.camunda.connector.runtime.outbound.lifecycle.OutboundConnectorManager] is not eligible for getting processed by all BeanPostProcessors (for example: not eligible for auto-proxying)
2023-10-27T09:57:29.270+02:00  INFO 13425 --- [           main] trationDelegate$BeanPostProcessorChecker : Bean 'annotationProcessor' of type [io.camunda.connector.runtime.outbound.lifecycle.OutboundConnectorAnnotationProcessor] is not eligible for getting processed by all BeanPostProcessors (for example: not eligible for auto-proxying)
2023-10-27T09:57:29.271+02:00  INFO 13425 --- [           main] trationDelegate$BeanPostProcessorChecker : Bean 'deploymentPostProcessor' of type [io.camunda.zeebe.spring.client.annotation.processor.ZeebeDeploymentAnnotationProcessor] is not eligible for getting processed by all BeanPostProcessors (for example: not eligible for auto-proxying)
2023-10-27T09:57:29.273+02:00  INFO 13425 --- [           main] trationDelegate$BeanPostProcessorChecker : Bean 'propertyBasedZeebeWorkerValueCustomizer' of type [io.camunda.zeebe.spring.client.properties.PropertyBasedZeebeWorkerValueCustomizer] is not eligible for getting processed by all BeanPostProcessors (for example: not eligible for auto-proxying)
2023-10-27T09:57:29.275+02:00  INFO 13425 --- [           main] trationDelegate$BeanPostProcessorChecker : Bean 'zeebeWorkerPostProcessor' of type [io.camunda.zeebe.spring.client.annotation.processor.ZeebeWorkerAnnotationProcessor] is not eligible for getting processed by all BeanPostProcessors (for example: not eligible for auto-proxying)
2023-10-27T09:57:29.562+02:00  WARN 13425 --- [           main] o.s.b.a.m.MustacheAutoConfiguration      : Cannot find template location: classpath:/templates/ (please add some templates, check your Mustache configuration, or set spring.mustache.check-template-location=false)
2023-10-27T09:57:29.570+02:00  INFO 13425 --- [           main] org.camunda.feel.FeelEngine              : Engine created. [value-mapper: CompositeValueMapper(List(org.camunda.feel.impl.JavaValueMapper@54bd2345)), function-provider: io.camunda.connector.feel.FeelConnectorFunctionProvider@48b5669c, clock: SystemClock, configuration: {externalFunctionsEnabled: false}]
2023-10-27T09:57:29.944+02:00  INFO 13425 --- [           main] o.s.b.a.e.web.EndpointLinksResolver      : Exposing 1 endpoint(s) beneath base path '/actuator'
2023-10-27T09:57:29.990+02:00  INFO 13425 --- [           main] i.c.c.connector.script.WorkflowTest      : Started WorkflowTest in 2.124 seconds (process running for 10.546)
2023-10-27T09:57:30.088+02:00  INFO 13425 --- [           main] i.c.z.s.test.ZeebeTestExecutionListener  : Create Zeebe in-memory engine for test run on random port: 61300...
2023-10-27T09:57:30.449+02:00  INFO 13425 --- [   zb-actors-13] io.camunda.zeebe.logstreams              : Recovered state of partition 1 from snapshot at position -1
2023-10-27T09:57:30.484+02:00  INFO 13425 --- [   zb-actors-13] org.camunda.feel.FeelEngine              : Engine created. [value-mapper: CompositeValueMapper(List(io.camunda.zeebe.feel.impl.MessagePackValueMapper@4178b4ab)), function-provider: io.camunda.zeebe.feel.impl.FeelFunctionProvider@57546a8d, clock: io.camunda.zeebe.engine.processing.bpmn.clock.ZeebeFeelEngineClock@539d4074, configuration: {externalFunctionsEnabled: false}]
2023-10-27T09:57:30.533+02:00  INFO 13425 --- [   zb-actors-13] org.camunda.dmn.DmnEngine                : DMN-Engine created. [value-mapper: CompositeValueMapper(List(io.camunda.zeebe.feel.impl.MessagePackValueMapper@778cb5cf)), function-provider: org.camunda.feel.context.FunctionProvider$EmptyFunctionProvider$@75fd473a, audit-loggers: List(), configuration: Configuration(false,false,false)]
2023-10-27T09:57:30.535+02:00  INFO 13425 --- [   zb-actors-13] org.camunda.feel.FeelEngine              : Engine created. [value-mapper: CompositeValueMapper(List(org.camunda.dmn.NoUnpackValueMapper@16da5391)), function-provider: org.camunda.feel.context.FunctionProvider$EmptyFunctionProvider$@75fd473a, clock: SystemClock, configuration: {externalFunctionsEnabled: false}]
2023-10-27T09:57:30.564+02:00  INFO 13425 --- [   zb-actors-13] org.camunda.dmn.DmnEngine                : DMN-Engine created. [value-mapper: CompositeValueMapper(List(io.camunda.zeebe.feel.impl.MessagePackValueMapper@168b4c40)), function-provider: org.camunda.feel.context.FunctionProvider$EmptyFunctionProvider$@75fd473a, audit-loggers: List(), configuration: Configuration(false,false,false)]
2023-10-27T09:57:30.564+02:00  INFO 13425 --- [   zb-actors-13] org.camunda.feel.FeelEngine              : Engine created. [value-mapper: CompositeValueMapper(List(org.camunda.dmn.NoUnpackValueMapper@60e7f530)), function-provider: org.camunda.feel.context.FunctionProvider$EmptyFunctionProvider$@75fd473a, clock: SystemClock, configuration: {externalFunctionsEnabled: false}]
2023-10-27T09:57:30.588+02:00  INFO 13425 --- [   zb-actors-13] org.camunda.dmn.DmnEngine                : DMN-Engine created. [value-mapper: CompositeValueMapper(List(io.camunda.zeebe.feel.impl.MessagePackValueMapper@49bef4c7)), function-provider: org.camunda.feel.context.FunctionProvider$EmptyFunctionProvider$@75fd473a, audit-loggers: List(), configuration: Configuration(false,false,false)]
2023-10-27T09:57:30.588+02:00  INFO 13425 --- [   zb-actors-13] org.camunda.feel.FeelEngine              : Engine created. [value-mapper: CompositeValueMapper(List(org.camunda.dmn.NoUnpackValueMapper@5e3df12)), function-provider: org.camunda.feel.context.FunctionProvider$EmptyFunctionProvider$@75fd473a, clock: SystemClock, configuration: {externalFunctionsEnabled: false}]
2023-10-27T09:57:30.590+02:00  INFO 13425 --- [   zb-actors-13] org.camunda.feel.FeelEngine              : Engine created. [value-mapper: CompositeValueMapper(List(io.camunda.zeebe.feel.impl.MessagePackValueMapper@637795d3)), function-provider: io.camunda.zeebe.feel.impl.FeelFunctionProvider@6378eb65, clock: io.camunda.zeebe.engine.processing.bpmn.clock.ZeebeFeelEngineClock@413b9b8e, configuration: {externalFunctionsEnabled: false}]
2023-10-27T09:57:30.625+02:00  INFO 13425 --- [   zb-actors-13] org.camunda.feel.FeelEngine              : Engine created. [value-mapper: CompositeValueMapper(List(io.camunda.zeebe.feel.impl.MessagePackValueMapper@64000559)), function-provider: io.camunda.zeebe.feel.impl.FeelFunctionProvider@2ffc8a06, clock: io.camunda.zeebe.engine.processing.bpmn.clock.ZeebeFeelEngineClock@14bcc36f, configuration: {externalFunctionsEnabled: false}]
2023-10-27T09:57:30.626+02:00  INFO 13425 --- [   zb-actors-13] org.camunda.feel.FeelEngine              : Engine created. [value-mapper: CompositeValueMapper(List(io.camunda.zeebe.feel.impl.MessagePackValueMapper@1a53c292)), function-provider: io.camunda.zeebe.feel.impl.FeelFunctionProvider@7813a124, clock: io.camunda.zeebe.engine.processing.bpmn.clock.ZeebeFeelEngineClock@40c115eb, configuration: {externalFunctionsEnabled: false}]
2023-10-27T09:57:30.650+02:00  INFO 13425 --- [   zb-actors-13] org.camunda.dmn.DmnEngine                : DMN-Engine created. [value-mapper: CompositeValueMapper(List(io.camunda.zeebe.feel.impl.MessagePackValueMapper@58300ed0)), function-provider: org.camunda.feel.context.FunctionProvider$EmptyFunctionProvider$@75fd473a, audit-loggers: List(), configuration: Configuration(false,false,false)]
2023-10-27T09:57:30.650+02:00  INFO 13425 --- [   zb-actors-13] org.camunda.feel.FeelEngine              : Engine created. [value-mapper: CompositeValueMapper(List(org.camunda.dmn.NoUnpackValueMapper@654a1fa7)), function-provider: org.camunda.feel.context.FunctionProvider$EmptyFunctionProvider$@75fd473a, clock: SystemClock, configuration: {externalFunctionsEnabled: false}]
2023-10-27T09:57:30.700+02:00  INFO 13425 --- [   zb-actors-13] io.camunda.zeebe.processor               : Processor starts replay of events. [snapshot-position: -1, replay-mode: PROCESSING]
2023-10-27T09:57:30.701+02:00  INFO 13425 --- [   zb-actors-13] io.camunda.zeebe.processor               : Processor finished replay, with [lastProcessedPosition: -1, lastWrittenPosition: -1]
2023-10-27T09:57:30.703+02:00  INFO 13425 --- [           main] z.s.t.AbstractZeebeTestExecutionListener : Test engine setup. Now starting deployments and workers...
2023-10-27T09:57:30.769+02:00  INFO 13425 --- [           main] org.camunda.feel.FeelEngine              : Engine created. [value-mapper: CompositeValueMapper(List(org.camunda.feel.impl.JavaValueMapper@69464a0f)), function-provider: io.camunda.connector.feel.FeelConnectorFunctionProvider@3f2f83d5, clock: SystemClock, configuration: {externalFunctionsEnabled: false}]
2023-10-27T09:57:30.782+02:00  INFO 13425 --- [           main] i.c.z.s.c.jobhandling.JobWorkerManager   : . Starting Zeebe worker: ZeebeWorkerValue{type='io.camunda.community:script', name='connector-script', timeout=null, maxJobsActive=null, requestTimeout=null, pollInterval=null, autoComplete=true, fetchVariables=[], enabled=null, methodInfo=null}
2023-10-27T09:57:30.783+02:00  INFO 13425 --- [           main] i.c.z.s.c.jobhandling.JobWorkerManager   : . Starting Zeebe worker: ZeebeWorkerValue{type='script', name='connector-script-legacy', timeout=null, maxJobsActive=null, requestTimeout=null, pollInterval=null, autoComplete=true, fetchVariables=[], enabled=null, methodInfo=null}
2023-10-27T09:57:30.784+02:00  INFO 13425 --- [           main] z.s.t.AbstractZeebeTestExecutionListener : ...deployments and workers started.
2023-10-27T09:57:32.039+02:00  INFO 13425 --- [pool-6-thread-1] i.c.c.r.c.outbound.ConnectorJobHandler   : Received job 2251799813685273
2023-10-27T09:57:32.129+02:00  INFO 13425 --- [    zb-actors-1] io.camunda.zeebe.logstreams              : Close appender for log stream null
2023-10-27T09:57:32.129+02:00  INFO 13425 --- [    zb-actors-1] i.c.zeebe.logstreams.impl.log.Sequencer  : Closing sequencer for writing
2023-10-27T09:57:32.130+02:00  INFO 13425 --- [   zb-actors-11] io.camunda.zeebe.logstreams              : On closing logstream null close 2 readers
]]></system-out>
    <system-err><![CDATA[WARNING: A Java agent has been loaded dynamically (/Users/jonathanlukas/.m2/repository/net/bytebuddy/byte-buddy-agent/1.14.9/byte-buddy-agent-1.14.9.jar)
WARNING: If a serviceability tool is in use, please run with -XX:+EnableDynamicAgentLoading to hide this warning
WARNING: If a serviceability tool is not in use, please run with -Djdk.instrument.traceUsage for more information
WARNING: Dynamic loading of agents will be disallowed by default in a future release
]]></system-err>
  </testcase>
  <testcase name="shouldGetCurrentJob" classname="io.camunda.community.connector.script.WorkflowTest" time="0.0">
    <skipped message="public void io.camunda.community.connector.script.WorkflowTest.shouldGetCurrentJob() is @Disabled"/>
  </testcase>
  <testcase name="shouldUseZeebeClient" classname="io.camunda.community.connector.script.WorkflowTest" time="0.0">
    <skipped message="public void io.camunda.community.connector.script.WorkflowTest.shouldUseZeebeClient() is @Disabled"/>
  </testcase>
</testsuite>